IELTSPreparation/android/app/build/intermediates/manifest_merge_blame_file/debug/manifest-merger-blame-debug-report.txt
1<?xml version="1.0" encoding="utf-8"?>
2<manifest xmlns:android="http://schemas.android.com/apk/res/android"
3    package="com.ieltspreparation"
4    android:versionCode="1"
5    android:versionName="1.0" >
6
7    <uses-sdk
8        android:minSdkVersion="21"
9        android:targetSdkVersion="28" />
10
11    <uses-permission android:name="android.permission.SYSTEM_ALERT_WINDOW" />
11-->src/main/AndroidManifest.xml:3:3-76
11-->src/main/AndroidManifest.xml:3:20-73
12    <uses-permission android:name="android.permission.INTERNET" /> <!-- OPTIONAL PERMISSIONS, REMOVE WHATEVER YOU DO NOT NEED -->
12-->src/main/AndroidManifest.xml:2:3-65
12-->src/main/AndroidManifest.xml:2:20-62
13    <uses-permission android:name="android.permission.MANAGE_DOCUMENTS" />
13-->src/main/AndroidManifest.xml:5:3-73
13-->src/main/AndroidManifest.xml:5:20-70
14    <uses-permission android:name="android.permission.READ_INTERNAL_STORAGE" />
14-->src/main/AndroidManifest.xml:6:3-78
14-->src/main/AndroidManifest.xml:6:20-75
15    <uses-permission android:name="android.permission.READ_PHONE_STATE" />
15-->src/main/AndroidManifest.xml:7:3-73
15-->src/main/AndroidManifest.xml:7:20-70
16    <uses-permission android:name="android.permission.USE_FINGERPRINT" />
16-->src/main/AndroidManifest.xml:8:3-72
16-->src/main/AndroidManifest.xml:8:20-69
17    <uses-permission android:name="android.permission.VIBRATE" />
17-->src/main/AndroidManifest.xml:9:3-64
17-->src/main/AndroidManifest.xml:9:20-61
18    <uses-permission android:name="android.permission.MODIFY_AUDIO_SETTINGS" /> <!-- These require runtime permissions on M -->
18-->src/main/AndroidManifest.xml:10:3-78
18-->src/main/AndroidManifest.xml:10:20-75
19    <uses-permission android:name="android.permission.ACCESS_COARSE_LOCATION" />
19-->src/main/AndroidManifest.xml:12:3-79
19-->src/main/AndroidManifest.xml:12:20-76
20    <uses-permission android:name="android.permission.ACCESS_FINE_LOCATION" />
20-->src/main/AndroidManifest.xml:13:3-77
20-->src/main/AndroidManifest.xml:13:20-74
21    <uses-permission android:name="android.permission.CAMERA" />
21-->src/main/AndroidManifest.xml:14:3-63
21-->src/main/AndroidManifest.xml:14:20-60
22    <uses-permission android:name="android.permission.READ_CONTACTS" />
22-->src/main/AndroidManifest.xml:15:3-70
22-->src/main/AndroidManifest.xml:15:20-67
23    <uses-permission android:name="android.permission.READ_CALENDAR" />
23-->src/main/AndroidManifest.xml:16:3-70
23-->src/main/AndroidManifest.xml:16:20-67
24    <uses-permission android:name="android.permission.WRITE_CALENDAR" />
24-->src/main/AndroidManifest.xml:17:3-71
24-->src/main/AndroidManifest.xml:17:20-68
25    <uses-permission android:name="android.permission.READ_EXTERNAL_STORAGE" />
25-->src/main/AndroidManifest.xml:18:3-78
25-->src/main/AndroidManifest.xml:18:20-75
26    <uses-permission android:name="android.permission.RECORD_AUDIO" />
26-->src/main/AndroidManifest.xml:19:3-69
26-->src/main/AndroidManifest.xml:19:20-66
27    <uses-permission android:name="android.permission.WRITE_EXTERNAL_STORAGE" />
27-->src/main/AndroidManifest.xml:20:3-79
27-->src/main/AndroidManifest.xml:20:20-76
28    <uses-permission android:name="android.permission.WRITE_SETTINGS" />
28-->src/main/AndroidManifest.xml:21:3-71
28-->src/main/AndroidManifest.xml:21:20-68
29    <uses-permission android:name="android.permission.ACCESS_NETWORK_STATE" />
29-->[:expo-updates] AndroidManifest.xml:11:5-79
29-->[:expo-updates] AndroidManifest.xml:11:22-76
30    <uses-permission android:name="android.permission.STORAGE" />
30-->[:expo-file-system] AndroidManifest.xml:15:5-66
30-->[:expo-file-system] AndroidManifest.xml:15:22-63
31    <uses-permission android:name="android.permission.FOREGROUND_SERVICE" />
31-->[:expo-location] AndroidManifest.xml:13:5-77
31-->[:expo-location] AndroidManifest.xml:13:22-74
32    <uses-permission android:name="com.google.android.providers.gsf.permission.READ_GSERVICES" />
32-->[io.nlopez.smartlocation:library:3.2.11] AndroidManifest.xml:15:5-98
32-->[io.nlopez.smartlocation:library:3.2.11] AndroidManifest.xml:15:22-95
33    <uses-permission android:name="com.google.android.gms.permission.ACTIVITY_RECOGNITION" />
33-->[io.nlopez.smartlocation:library:3.2.11] AndroidManifest.xml:16:5-94
33-->[io.nlopez.smartlocation:library:3.2.11] AndroidManifest.xml:16:22-91
34
35    <application
35-->src/main/AndroidManifest.xml:24:3-34:17
36        android:name="com.ieltspreparation.MainApplication"
36-->src/main/AndroidManifest.xml:24:16-47
37        android:allowBackup="false"
37-->src/main/AndroidManifest.xml:24:162-189
38        android:appComponentFactory="androidx.core.app.CoreComponentFactory"
38-->[androidx.core:core:1.1.0] AndroidManifest.xml:24:18-86
39        android:debuggable="true"
40        android:icon="@mipmap/ic_launcher"
40-->src/main/AndroidManifest.xml:24:81-115
41        android:label="@string/app_name"
41-->src/main/AndroidManifest.xml:24:48-80
42        android:roundIcon="@mipmap/ic_launcher_round"
42-->src/main/AndroidManifest.xml:24:116-161
43        android:theme="@style/AppTheme"
43-->src/main/AndroidManifest.xml:24:190-221
44        android:usesCleartextTraffic="true" >
44-->src/debug/AndroidManifest.xml:6:18-53
45        <meta-data
45-->src/main/AndroidManifest.xml:25:5-104
46            android:name="expo.modules.updates.EXPO_UPDATE_URL"
46-->src/main/AndroidManifest.xml:25:16-67
47            android:value="YOUR-APP-URL-HERE" />
47-->src/main/AndroidManifest.xml:25:68-101
48        <meta-data
48-->src/main/AndroidManifest.xml:26:5-113
49            android:name="expo.modules.updates.EXPO_SDK_VERSION"
49-->src/main/AndroidManifest.xml:26:16-68
50            android:value="YOUR-APP-SDK-VERSION-HERE" />
50-->src/main/AndroidManifest.xml:26:69-110
51
52        <activity
52-->src/main/AndroidManifest.xml:27:5-32:16
53            android:name="com.ieltspreparation.MainActivity"
53-->src/main/AndroidManifest.xml:27:15-43
54            android:configChanges="keyboard|keyboardHidden|orientation|screenSize"
54-->src/main/AndroidManifest.xml:27:77-147
55            android:label="@string/app_name"
55-->src/main/AndroidManifest.xml:27:44-76
56            android:launchMode="singleTask"
56-->src/main/AndroidManifest.xml:27:148-179
57            android:theme="@style/Theme.App.SplashScreen"
57-->src/main/AndroidManifest.xml:27:223-268
58            android:windowSoftInputMode="adjustResize" >
58-->src/main/AndroidManifest.xml:27:180-222
59            <intent-filter>
59-->src/main/AndroidManifest.xml:28:7-31:23
60                <action android:name="android.intent.action.MAIN" />
60-->src/main/AndroidManifest.xml:29:9-61
60-->src/main/AndroidManifest.xml:29:17-58
61
62                <category android:name="android.intent.category.LAUNCHER" />
62-->src/main/AndroidManifest.xml:30:9-69
62-->src/main/AndroidManifest.xml:30:19-66
63            </intent-filter>
64        </activity>
65        <activity android:name="com.facebook.react.devsupport.DevSettingsActivity" />
65-->src/main/AndroidManifest.xml:33:5-82
65-->src/main/AndroidManifest.xml:33:15-79
66
67        <provider
67-->[:react-native-webview] AndroidManifest.xml:12:9-20:20
68            android:name="com.reactnativecommunity.webview.RNCWebViewFileProvider"
68-->[:react-native-webview] AndroidManifest.xml:13:13-83
69            android:authorities="com.ieltspreparation.fileprovider"
69-->[:react-native-webview] AndroidManifest.xml:14:13-64
70            android:exported="false"
70-->[:react-native-webview] AndroidManifest.xml:15:13-37
71            android:grantUriPermissions="true" >
71-->[:react-native-webview] AndroidManifest.xml:16:13-47
72            <meta-data
72-->[:react-native-webview] AndroidManifest.xml:17:13-19:63
73                android:name="android.support.FILE_PROVIDER_PATHS"
73-->[:react-native-webview] AndroidManifest.xml:18:17-67
74                android:resource="@xml/file_provider_paths" />
74-->[:react-native-webview] AndroidManifest.xml:19:17-60
75        </provider>
76        <provider
76-->[:expo-file-system] AndroidManifest.xml:18:9-27:20
77            android:name="expo.modules.filesystem.FileSystemFileProvider"
77-->[:expo-file-system] AndroidManifest.xml:19:13-74
78            android:authorities="com.ieltspreparation.FileSystemFileProvider"
78-->[:expo-file-system] AndroidManifest.xml:20:13-74
79            android:exported="false"
79-->[:expo-file-system] AndroidManifest.xml:21:13-37
80            android:grantUriPermissions="true" >
80-->[:expo-file-system] AndroidManifest.xml:22:13-47
81            <meta-data
81-->[:react-native-webview] AndroidManifest.xml:17:13-19:63
82                android:name="android.support.FILE_PROVIDER_PATHS"
82-->[:react-native-webview] AndroidManifest.xml:18:17-67
83                android:resource="@xml/file_system_provider_paths" />
83-->[:react-native-webview] AndroidManifest.xml:19:17-60
84        </provider> <!-- https://developer.android.com/guide/topics/manifest/provider-element.html -->
85        <provider
85-->[:expo-image-picker] AndroidManifest.xml:14:9-22:20
86            android:name="expo.modules.imagepicker.ImagePickerFileProvider"
86-->[:expo-image-picker] AndroidManifest.xml:15:13-76
87            android:authorities="com.ieltspreparation.ImagePickerFileProvider"
87-->[:expo-image-picker] AndroidManifest.xml:16:13-75
88            android:exported="false"
88-->[:expo-image-picker] AndroidManifest.xml:17:13-37
89            android:grantUriPermissions="true" >
89-->[:expo-image-picker] AndroidManifest.xml:18:13-47
90            <meta-data
90-->[:react-native-webview] AndroidManifest.xml:17:13-19:63
91                android:name="android.support.FILE_PROVIDER_PATHS"
91-->[:react-native-webview] AndroidManifest.xml:18:17-67
92                android:resource="@xml/image_picker_provider_paths" />
92-->[:react-native-webview] AndroidManifest.xml:19:17-60
93        </provider>
94
95        <service
95-->[:expo-location] AndroidManifest.xml:16:9-18:40
96            android:name="expo.modules.location.services.LocationTaskService"
96-->[:expo-location] AndroidManifest.xml:17:13-78
97            android:exported="false" />
97-->[:expo-location] AndroidManifest.xml:18:13-37
98
99        <activity
99-->[com.google.android.gms:play-services-base:16.0.1] AndroidManifest.xml:23:9-26:75
100            android:name="com.google.android.gms.common.api.GoogleApiActivity"
100-->[com.google.android.gms:play-services-base:16.0.1] AndroidManifest.xml:24:13-79
101            android:exported="false"
101-->[com.google.android.gms:play-services-base:16.0.1] AndroidManifest.xml:25:13-37
102            android:theme="@android:style/Theme.Translucent.NoTitleBar" />
102-->[com.google.android.gms:play-services-base:16.0.1] AndroidManifest.xml:26:13-72
103
104        <meta-data
104-->[com.google.android.gms:play-services-basement:16.0.1] AndroidManifest.xml:23:9-25:69
105            android:name="com.google.android.gms.version"
105-->[com.google.android.gms:play-services-basement:16.0.1] AndroidManifest.xml:24:13-58
106            android:value="@integer/google_play_services_version" />
106-->[com.google.android.gms:play-services-basement:16.0.1] AndroidManifest.xml:25:13-66
107
108        <service
108-->[androidx.room:room-runtime:2.1.0] AndroidManifest.xml:25:9-27:40
109            android:name="androidx.room.MultiInstanceInvalidationService"
109-->[androidx.room:room-runtime:2.1.0] AndroidManifest.xml:26:13-74
110            android:exported="false" />
110-->[androidx.room:room-runtime:2.1.0] AndroidManifest.xml:27:13-37
111        <service
111-->[io.nlopez.smartlocation:library:3.2.11] AndroidManifest.xml:19:9-21:40
112            android:name="io.nlopez.smartlocation.activity.providers.ActivityGooglePlayServicesProvider$ActivityRecognitionService"
112-->[io.nlopez.smartlocation:library:3.2.11] AndroidManifest.xml:20:13-132
113            android:exported="false" />
113-->[io.nlopez.smartlocation:library:3.2.11] AndroidManifest.xml:21:13-37
114        <service
114-->[io.nlopez.smartlocation:library:3.2.11] AndroidManifest.xml:22:9-24:40
115            android:name="io.nlopez.smartlocation.geofencing.providers.GeofencingGooglePlayServicesProvider$GeofencingService"
115-->[io.nlopez.smartlocation:library:3.2.11] AndroidManifest.xml:23:13-127
116            android:exported="false" />
116-->[io.nlopez.smartlocation:library:3.2.11] AndroidManifest.xml:24:13-37
117        <service
117-->[io.nlopez.smartlocation:library:3.2.11] AndroidManifest.xml:25:9-27:40
118            android:name="io.nlopez.smartlocation.geocoding.providers.AndroidGeocodingProvider$AndroidGeocodingService"
118-->[io.nlopez.smartlocation:library:3.2.11] AndroidManifest.xml:26:13-120
119            android:exported="false" />
119-->[io.nlopez.smartlocation:library:3.2.11] AndroidManifest.xml:27:13-37
120    </application>
121
122</manifest>